<?xml version="1.0" encoding="UTF-8"?>
<!-- Generated by org.testng.reporters.JUnitXMLReporter -->
<testsuite ignored="2" hostname="Harrshinis-MacBook-Air.local" failures="0" tests="2" name="My Test" time="67.191" errors="0" timestamp="2025-05-11T15:23:04 IST">
  <testcase classname="com.TestNGDemos.D07MyntraAssignment" name="clickOnWomen" time="61.92"/>
  <testcase classname="com.TestNGDemos.D07MyntraAssignment" name="clickOnKids" time="0.793"/>
  <testcase classname="com.TestNGDemos.D07MyntraAssignment" name="clickOnMen" time="0.0">
    <ignored/>
  </testcase> <!-- clickOnMen -->
  <testcase classname="com.TestNGDemos.D07MyntraAssignment" name="clickOnHome" time="0.0">
    <ignored/>
  </testcase> <!-- clickOnHome -->
</testsuite> <!-- My Test -->
