<?xml version="1.0" encoding="UTF-8"?>
<!-- Generated by org.testng.reporters.JUnitXMLReporter -->
<testsuite ignored="0" hostname="Harrshinis-MacBook-Air.local" failures="0" tests="4" name="My Test" time="12.537" errors="0" timestamp="2025-05-13T13:01:32 IST">
  <testcase classname="com.TestNGDemos.D02MultipleTests" name="launchingShein" time="5.293"/>
  <testcase classname="com.TestNGDemos.D02MultipleTests" name="launchingPotteryBarn" time="8.557"/>
  <testcase classname="com.TestNGDemos.D02MultipleTests" name="launchingMyntra" time="11.115"/>
  <testcase classname="com.TestNGDemos.D02MultipleTests" name="launchingNykaa" time="12.519"/>
</testsuite> <!-- My Test -->
