<?xml version="1.0" encoding="UTF-8"?>
<!-- Generated by org.testng.reporters.JUnitXMLReporter -->
<testsuite ignored="2" hostname="Harrshinis-MacBook-Air.local" failures="0" tests="2" name="Groups" time="7.516" errors="0" timestamp="2025-05-11T15:40:03 IST">
  <testcase classname="com.TestNGDemos.D08CreatingGroups" name="clickOnKids" time="1.318"/>
  <testcase classname="com.TestNGDemos.D08CreatingGroups" name="clickOnHome" time="0.834"/>
  <testcase classname="com.TestNGDemos.D08CreatingGroups" name="clickOnMen" time="0.0">
    <ignored/>
  </testcase> <!-- clickOnMen -->
  <testcase classname="com.TestNGDemos.D08CreatingGroups" name="clickOnWomen" time="0.0">
    <ignored/>
  </testcase> <!-- clickOnWomen -->
</testsuite> <!-- Groups -->
