<?xml version="1.0" encoding="UTF-8"?>
<testng-results ignored="0" total="1" passed="1" failed="0" skipped="0">
  <reporter-output>
  </reporter-output>
  <suite started-at="2025-06-07T12:08:41 IST" name="Default suite" finished-at="2025-06-07T12:08:45 IST" duration-ms="3668">
    <groups>
    </groups>
    <test started-at="2025-06-07T12:08:41 IST" name="Default test" finished-at="2025-06-07T12:08:45 IST" duration-ms="3668">
      <class name="Assignment_Questions.OAuth2">
        <test-method signature="auth2()[pri:0, instance:Assignment_Questions.OAuth2@67d48005]" started-at="2025-06-07T12:08:41 IST" name="auth2" finished-at="2025-06-07T12:08:45 IST" duration-ms="3652" status="PASS">
          <reporter-output>
          </reporter-output>
        </test-method> <!-- auth2 -->
      </class> <!-- Assignment_Questions.OAuth2 -->
    </test> <!-- Default test -->
  </suite> <!-- Default suite -->
</testng-results>
